<?xml version="1.0" encoding="UTF-8"?>
<testng-results ignored="0" total="3" passed="3" failed="0" skipped="0">
  <reporter-output>
  </reporter-output>
  <suite started-at="2020-10-25T20:39:53 GET" name="Suite" finished-at="2020-10-25T20:40:02 GET" duration-ms="9041">
    <groups>
    </groups>
    <test started-at="2020-10-25T20:39:53 GET" name="Test" finished-at="2020-10-25T20:40:02 GET" duration-ms="9041">
      <class name="test.Internet">
        <test-method is-config="true" signature="setup()[pri:0, instance:test.Internet@29f0802c]" started-at="2020-10-25T20:39:53 GET" name="setup" finished-at="2020-10-25T20:39:57 GET" duration-ms="3992" status="PASS">
          <reporter-output>
          </reporter-output>
        </test-method> <!-- setup -->
        <test-method signature="fileUploadTest()[pri:1, instance:test.Internet@29f0802c]" started-at="2020-10-25T20:39:57 GET" name="fileUploadTest" finished-at="2020-10-25T20:39:59 GET" duration-ms="2330" status="PASS">
          <reporter-output>
          </reporter-output>
        </test-method> <!-- fileUploadTest -->
        <test-method signature="shiftingContentTest()[pri:2, instance:test.Internet@29f0802c]" started-at="2020-10-25T20:39:59 GET" name="shiftingContentTest" finished-at="2020-10-25T20:40:01 GET" duration-ms="2004" status="PASS">
          <reporter-output>
          </reporter-output>
        </test-method> <!-- shiftingContentTest -->
        <test-method signature="challengingDOMTest()[pri:3, instance:test.Internet@29f0802c]" started-at="2020-10-25T20:40:01 GET" name="challengingDOMTest" finished-at="2020-10-25T20:40:02 GET" duration-ms="602" status="PASS">
          <reporter-output>
          </reporter-output>
        </test-method> <!-- challengingDOMTest -->
        <test-method is-config="true" signature="tearDown()[pri:0, instance:test.Internet@29f0802c]" started-at="2020-10-25T20:40:02 GET" name="tearDown" finished-at="2020-10-25T20:40:02 GET" duration-ms="1" status="PASS">
          <reporter-output>
          </reporter-output>
        </test-method> <!-- tearDown -->
      </class> <!-- test.Internet -->
    </test> <!-- Test -->
  </suite> <!-- Suite -->
</testng-results>
