<?xml version="1.0" encoding="UTF-8"?>
<!-- Generated by org.testng.reporters.JUnitXMLReporter -->
<testsuite ignored="0" hostname="DESKTOP-Q7OBKJG" failures="0" tests="3" name="Default test" time="9.741" errors="0" timestamp="2020-10-25T20:30:51 GET">
  <testcase classname="test.Internet" name="fileUploadTest" time="3.48"/>
  <testcase classname="test.Internet" name="shiftingContentTest" time="2.033"/>
  <testcase classname="test.Internet" name="challengingDOMTest" time="0.574"/>
</testsuite> <!-- Default test -->
