<?xml version="1.0" encoding="UTF-8"?>
<!-- Generated by org.testng.reporters.JUnitXMLReporter -->
<testsuite ignored="0" hostname="DESKTOP-Q7OBKJG" failures="0" tests="3" name="Test" time="9.041" errors="0" timestamp="2020-10-25T20:40:02 GET">
  <testcase classname="test.Internet" name="fileUploadTest" time="2.33"/>
  <testcase classname="test.Internet" name="shiftingContentTest" time="2.004"/>
  <testcase classname="test.Internet" name="challengingDOMTest" time="0.602"/>
</testsuite> <!-- Test -->
